# JRE version: Java(TM) SE Runtime Environment (8.0_191-b12) (build 1.8.0_191-b12)
# Java VM: Java HotSpot(TM) Client VM (25.191-b12 mixed mode windows-x86 )
Heap:
 def new generation   total 157248K, used 157248K [0x05800000, 0x102a0000, 0x102a0000)
  eden space 139776K, 100% used [0x05800000, 0x0e080000, 0x0e080000)
  from space 17472K, 100% used [0x0e080000, 0x0f190000, 0x0f190000)
  to   space 17472K,   0% used [0x0f190000, 0x0f190000, 0x102a0000)
 tenured generation   total 349568K, used 349567K [0x102a0000, 0x25800000, 0x25800000)
   the space 349568K,  99% used [0x102a0000, 0x257ffff8, 0x25800000, 0x25800000)
 Metaspace       used 22651K, capacity 23193K, committed 23296K, reserved 23936K
GC Heap History (10 events):
Event: 10379.343 GC heap before
{Heap before GC invocations=603 (full 515):
 def new generation   total 157248K, used 157248K [0x05800000, 0x102a0000, 0x102a0000)
  eden space 139776K, 100% used [0x05800000, 0x0e080000, 0x0e080000)
  from space 17472K, 100% used [0x0e080000, 0x0f190000, 0x0f190000)
  to   space 17472K,   0% used [0x0f190000, 0x0f190000, 0x102a0000)
 tenured generation   total 349568K, used 349567K [0x102a0000, 0x25800000, 0x25800000)
   the space 349568K,  99% used [0x102a0000, 0x257ffff8, 0x25800000, 0x25800000)
 Metaspace       used 22651K, capacity 23193K, committed 23296K, reserved 23936K
Event: 10379.593 GC heap after
Heap after GC invocations=604 (full 516):
 def new generation   total 157248K, used 157245K [0x05800000, 0x102a0000, 0x102a0000)
  eden space 139776K, 100% used [0x05800000, 0x0e080000, 0x0e080000)
  from space 17472K,  99% used [0x0e080000, 0x0f18f518, 0x0f190000)
  to   space 17472K,   0% used [0x0f190000, 0x0f190000, 0x102a0000)
 tenured generation   total 349568K, used 349567K [0x102a0000, 0x25800000, 0x25800000)
   the space 349568K,  99% used [0x102a0000, 0x257ffff8, 0x25800000, 0x25800000)
 Metaspace       used 22651K, capacity 23193K, committed 23296K, reserved 23936K
}
Event: 10379.593 GC heap before
{Heap before GC invocations=604 (full 516):
 def new generation   total 157248K, used 157247K [0x05800000, 0x102a0000, 0x102a0000)
  eden space 139776K, 100% used [0x05800000, 0x0e080000, 0x0e080000)
  from space 17472K,  99% used [0x0e080000, 0x0f18fff0, 0x0f190000)
  to   space 17472K,   0% used [0x0f190000, 0x0f190000, 0x102a0000)
 tenured generation   total 349568K, used 349567K [0x102a0000, 0x25800000, 0x25800000)
   the space 349568K,  99% used [0x102a0000, 0x257ffff8, 0x25800000, 0x25800000)
 Metaspace       used 22651K, capacity 23193K, committed 23296K, reserved 23936K
Event: 10379.849 GC heap after
Heap after GC invocations=605 (full 517):
 def new generation   total 157248K, used 157244K [0x05800000, 0x102a0000, 0x102a0000)
  eden space 139776K, 100% used [0x05800000, 0x0e080000, 0x0e080000)
  from space 17472K,  99% used [0x0e080000, 0x0f18f3b0, 0x0f190000)
  to   space 17472K,   0% used [0x0f190000, 0x0f190000, 0x102a0000)
 tenured generation   total 349568K, used 349567K [0x102a0000, 0x25800000, 0x25800000)
   the space 349568K,  99% used [0x102a0000, 0x257ffff8, 0x25800000, 0x25800000)
 Metaspace       used 22651K, capacity 23193K, committed 23296K, reserved 23936K
}
Event: 10379.849 GC heap before
{Heap before GC invocations=605 (full 517):
 def new generation   total 157248K, used 157247K [0x05800000, 0x102a0000, 0x102a0000)
  eden space 139776K, 100% used [0x05800000, 0x0e080000, 0x0e080000)
  from space 17472K,  99% used [0x0e080000, 0x0f18ffe8, 0x0f190000)
  to   space 17472K,   0% used [0x0f190000, 0x0f190000, 0x102a0000)
 tenured generation   total 349568K, used 349567K [0x102a0000, 0x25800000, 0x25800000)
   the space 349568K,  99% used [0x102a0000, 0x257ffff8, 0x25800000, 0x25800000)
 Metaspace       used 22651K, capacity 23193K, committed 23296K, reserved 23936K
Event: 10380.104 GC heap after
Heap after GC invocations=606 (full 518):
 def new generation   total 157248K, used 157247K [0x05800000, 0x102a0000, 0x102a0000)
  eden space 139776K, 100% used [0x05800000, 0x0e080000, 0x0e080000)
  from space 17472K,  99% used [0x0e080000, 0x0f18fd48, 0x0f190000)
  to   space 17472K,   0% used [0x0f190000, 0x0f190000, 0x102a0000)
 tenured generation   total 349568K, used 349567K [0x102a0000, 0x25800000, 0x25800000)
   the space 349568K,  99% used [0x102a0000, 0x257ffff8, 0x25800000, 0x25800000)
 Metaspace       used 22651K, capacity 23193K, committed 23296K, reserved 23936K
}
Event: 10380.104 GC heap before
{Heap before GC invocations=606 (full 518):
 def new generation   total 157248K, used 157247K [0x05800000, 0x102a0000, 0x102a0000)
  eden space 139776K, 100% used [0x05800000, 0x0e080000, 0x0e080000)
  from space 17472K,  99% used [0x0e080000, 0x0f18fdc0, 0x0f190000)
  to   space 17472K,   0% used [0x0f190000, 0x0f190000, 0x102a0000)
 tenured generation   total 349568K, used 349567K [0x102a0000, 0x25800000, 0x25800000)
   the space 349568K,  99% used [0x102a0000, 0x257ffff8, 0x25800000, 0x25800000)
 Metaspace       used 22651K, capacity 23193K, committed 23296K, reserved 23936K
Event: 10380.354 GC heap after
Heap after GC invocations=607 (full 519):
 def new generation   total 157248K, used 157247K [0x05800000, 0x102a0000, 0x102a0000)
  eden space 139776K, 100% used [0x05800000, 0x0e080000, 0x0e080000)
  from space 17472K,  99% used [0x0e080000, 0x0f18fdc0, 0x0f190000)
  to   space 17472K,   0% used [0x0f190000, 0x0f190000, 0x102a0000)
 tenured generation   total 349568K, used 349567K [0x102a0000, 0x25800000, 0x25800000)
   the space 349568K,  99% used [0x102a0000, 0x257ffff8, 0x25800000, 0x25800000)
 Metaspace       used 22651K, capacity 23193K, committed 23296K, reserved 23936K
}
Event: 10380.354 GC heap before
{Heap before GC invocations=607 (full 519):
 def new generation   total 157248K, used 157247K [0x05800000, 0x102a0000, 0x102a0000)
  eden space 139776K, 100% used [0x05800000, 0x0e080000, 0x0e080000)
  from space 17472K,  99% used [0x0e080000, 0x0f18fdc0, 0x0f190000)
  to   space 17472K,   0% used [0x0f190000, 0x0f190000, 0x102a0000)
 tenured generation   total 349568K, used 349567K [0x102a0000, 0x25800000, 0x25800000)
   the space 349568K,  99% used [0x102a0000, 0x257ffff8, 0x25800000, 0x25800000)
 Metaspace       used 22651K, capacity 23193K, committed 23296K, reserved 23936K
Event: 10380.606 GC heap after
Heap after GC invocations=608 (full 520):
 def new generation   total 157248K, used 157247K [0x05800000, 0x102a0000, 0x102a0000)
  eden space 139776K, 100% used [0x05800000, 0x0e080000, 0x0e080000)
  from space 17472K,  99% used [0x0e080000, 0x0f18fdc0, 0x0f190000)
  to   space 17472K,   0% used [0x0f190000, 0x0f190000, 0x102a0000)
 tenured generation   total 349568K, used 349567K [0x102a0000, 0x25800000, 0x25800000)
   the space 349568K,  99% used [0x102a0000, 0x257ffff8, 0x25800000, 0x25800000)
 Metaspace       used 22651K, capacity 23193K, committed 23296K, reserved 23936K
}

