# JRE version: Java(TM) SE Runtime Environment (8.0_191-b12) (build 1.8.0_191-b12)
# Java VM: Java HotSpot(TM) Client VM (25.191-b12 mixed mode windows-x86 )
Heap:
 def new generation   total 157248K, used 157247K [0x05a00000, 0x104a0000, 0x104a0000)
  eden space 139776K, 100% used [0x05a00000, 0x0e280000, 0x0e280000)
  from space 17472K,  99% used [0x0f390000, 0x1049ffd0, 0x104a0000)
  to   space 17472K,   0% used [0x0e280000, 0x0e280000, 0x0f390000)
 tenured generation   total 349568K, used 349567K [0x104a0000, 0x25a00000, 0x25a00000)
   the space 349568K,  99% used [0x104a0000, 0x259ffff8, 0x25a00000, 0x25a00000)
 Metaspace       used 22179K, capacity 22748K, committed 22912K, reserved 22912K
GC Heap History (10 events):
Event: 12780.455 GC heap before
{Heap before GC invocations=726 (full 477):
 def new generation   total 157248K, used 157247K [0x05a00000, 0x104a0000, 0x104a0000)
  eden space 139776K, 100% used [0x05a00000, 0x0e280000, 0x0e280000)
  from space 17472K,  99% used [0x0f390000, 0x1049ff48, 0x104a0000)
  to   space 17472K,   0% used [0x0e280000, 0x0e280000, 0x0f390000)
 tenured generation   total 349568K, used 349567K [0x104a0000, 0x25a00000, 0x25a00000)
   the space 349568K,  99% used [0x104a0000, 0x259ffff8, 0x25a00000, 0x25a00000)
 Metaspace       used 22179K, capacity 22748K, committed 22912K, reserved 22912K
Event: 12780.655 GC heap after
Heap after GC invocations=727 (full 478):
 def new generation   total 157248K, used 157247K [0x05a00000, 0x104a0000, 0x104a0000)
  eden space 139776K,  99% used [0x05a00000, 0x0e27ffc8, 0x0e280000)
  from space 17472K,  99% used [0x0f390000, 0x1049ff48, 0x104a0000)
  to   space 17472K,   0% used [0x0e280000, 0x0e280000, 0x0f390000)
 tenured generation   total 349568K, used 349567K [0x104a0000, 0x25a00000, 0x25a00000)
   the space 349568K,  99% used [0x104a0000, 0x259ffff8, 0x25a00000, 0x25a00000)
 Metaspace       used 22179K, capacity 22748K, committed 22912K, reserved 22912K
}
Event: 12780.655 GC heap before
{Heap before GC invocations=727 (full 478):
 def new generation   total 157248K, used 157247K [0x05a00000, 0x104a0000, 0x104a0000)
  eden space 139776K,  99% used [0x05a00000, 0x0e27ffc8, 0x0e280000)
  from space 17472K,  99% used [0x0f390000, 0x1049ff48, 0x104a0000)
  to   space 17472K,   0% used [0x0e280000, 0x0e280000, 0x0f390000)
 tenured generation   total 349568K, used 349567K [0x104a0000, 0x25a00000, 0x25a00000)
   the space 349568K,  99% used [0x104a0000, 0x259ffff8, 0x25a00000, 0x25a00000)
 Metaspace       used 22179K, capacity 22748K, committed 22912K, reserved 22912K
Event: 12780.856 GC heap after
Heap after GC invocations=728 (full 479):
 def new generation   total 157248K, used 157247K [0x05a00000, 0x104a0000, 0x104a0000)
  eden space 139776K,  99% used [0x05a00000, 0x0e27ffc8, 0x0e280000)
  from space 17472K,  99% used [0x0f390000, 0x1049ff48, 0x104a0000)
  to   space 17472K,   0% used [0x0e280000, 0x0e280000, 0x0f390000)
 tenured generation   total 349568K, used 349567K [0x104a0000, 0x25a00000, 0x25a00000)
   the space 349568K,  99% used [0x104a0000, 0x259ffff8, 0x25a00000, 0x25a00000)
 Metaspace       used 22179K, capacity 22748K, committed 22912K, reserved 22912K
}
Event: 12780.856 GC heap before
{Heap before GC invocations=728 (full 479):
 def new generation   total 157248K, used 157248K [0x05a00000, 0x104a0000, 0x104a0000)
  eden space 139776K, 100% used [0x05a00000, 0x0e280000, 0x0e280000)
  from space 17472K, 100% used [0x0f390000, 0x104a0000, 0x104a0000)
  to   space 17472K,   0% used [0x0e280000, 0x0e280000, 0x0f390000)
 tenured generation   total 349568K, used 349567K [0x104a0000, 0x25a00000, 0x25a00000)
   the space 349568K,  99% used [0x104a0000, 0x259ffff8, 0x25a00000, 0x25a00000)
 Metaspace       used 22179K, capacity 22748K, committed 22912K, reserved 22912K
Event: 12781.060 GC heap after
Heap after GC invocations=729 (full 480):
 def new generation   total 157248K, used 157244K [0x05a00000, 0x104a0000, 0x104a0000)
  eden space 139776K,  99% used [0x05a00000, 0x0e27f8b8, 0x0e280000)
  from space 17472K,  99% used [0x0f390000, 0x1049f998, 0x104a0000)
  to   space 17472K,   0% used [0x0e280000, 0x0e280000, 0x0f390000)
 tenured generation   total 349568K, used 349567K [0x104a0000, 0x25a00000, 0x25a00000)
   the space 349568K,  99% used [0x104a0000, 0x259ffff8, 0x25a00000, 0x25a00000)
 Metaspace       used 22179K, capacity 22748K, committed 22912K, reserved 22912K
}
Event: 12781.060 GC heap before
{Heap before GC invocations=729 (full 480):
 def new generation   total 157248K, used 157247K [0x05a00000, 0x104a0000, 0x104a0000)
  eden space 139776K, 100% used [0x05a00000, 0x0e280000, 0x0e280000)
  from space 17472K,  99% used [0x0f390000, 0x1049fdf0, 0x104a0000)
  to   space 17472K,   0% used [0x0e280000, 0x0e280000, 0x0f390000)
 tenured generation   total 349568K, used 349567K [0x104a0000, 0x25a00000, 0x25a00000)
   the space 349568K,  99% used [0x104a0000, 0x259ffff8, 0x25a00000, 0x25a00000)
 Metaspace       used 22179K, capacity 22748K, committed 22912K, reserved 22912K
Event: 12781.258 GC heap after
Heap after GC invocations=730 (full 481):
 def new generation   total 157248K, used 157244K [0x05a00000, 0x104a0000, 0x104a0000)
  eden space 139776K,  99% used [0x05a00000, 0x0e27f898, 0x0e280000)
  from space 17472K,  99% used [0x0f390000, 0x1049fa18, 0x104a0000)
  to   space 17472K,   0% used [0x0e280000, 0x0e280000, 0x0f390000)
 tenured generation   total 349568K, used 349567K [0x104a0000, 0x25a00000, 0x25a00000)
   the space 349568K,  99% used [0x104a0000, 0x259ffff8, 0x25a00000, 0x25a00000)
 Metaspace       used 22179K, capacity 22748K, committed 22912K, reserved 22912K
}
Event: 12781.258 GC heap before
{Heap before GC invocations=730 (full 481):
 def new generation   total 157248K, used 157244K [0x05a00000, 0x104a0000, 0x104a0000)
  eden space 139776K,  99% used [0x05a00000, 0x0e27f898, 0x0e280000)
  from space 17472K,  99% used [0x0f390000, 0x1049fa18, 0x104a0000)
  to   space 17472K,   0% used [0x0e280000, 0x0e280000, 0x0f390000)
 tenured generation   total 349568K, used 349567K [0x104a0000, 0x25a00000, 0x25a00000)
   the space 349568K,  99% used [0x104a0000, 0x259ffff8, 0x25a00000, 0x25a00000)
 Metaspace       used 22179K, capacity 22748K, committed 22912K, reserved 22912K
Event: 12781.457 GC heap after
Heap after GC invocations=731 (full 482):
 def new generation   total 157248K, used 157244K [0x05a00000, 0x104a0000, 0x104a0000)
  eden space 139776K,  99% used [0x05a00000, 0x0e27f898, 0x0e280000)
  from space 17472K,  99% used [0x0f390000, 0x1049fa18, 0x104a0000)
  to   space 17472K,   0% used [0x0e280000, 0x0e280000, 0x0f390000)
 tenured generation   total 349568K, used 349567K [0x104a0000, 0x25a00000, 0x25a00000)
   the space 349568K,  99% used [0x104a0000, 0x259ffff8, 0x25a00000, 0x25a00000)
 Metaspace       used 22179K, capacity 22748K, committed 22912K, reserved 22912K
}

