# JRE version: Java(TM) SE Runtime Environment (8.0_191-b12) (build 1.8.0_191-b12)
# Java VM: Java HotSpot(TM) Client VM (25.191-b12 mixed mode windows-x86 )
Heap:
 def new generation   total 157248K, used 157247K [0x06200000, 0x10ca0000, 0x10ca0000)
  eden space 139776K, 100% used [0x06200000, 0x0ea80000, 0x0ea80000)
  from space 17472K,  99% used [0x0ea80000, 0x0fb8ffe0, 0x0fb90000)
  to   space 17472K,   0% used [0x0fb90000, 0x0fb90000, 0x10ca0000)
 tenured generation   total 349568K, used 349567K [0x10ca0000, 0x26200000, 0x26200000)
   the space 349568K,  99% used [0x10ca0000, 0x261ffff8, 0x26200000, 0x26200000)
 Metaspace       used 22292K, capacity 22864K, committed 22912K, reserved 22912K
GC Heap History (10 events):
Event: 93674.601 GC heap before
{Heap before GC invocations=701 (full 518):
 def new generation   total 157248K, used 157248K [0x06200000, 0x10ca0000, 0x10ca0000)
  eden space 139776K, 100% used [0x06200000, 0x0ea80000, 0x0ea80000)
  from space 17472K, 100% used [0x0ea80000, 0x0fb90000, 0x0fb90000)
  to   space 17472K,   0% used [0x0fb90000, 0x0fb90000, 0x10ca0000)
 tenured generation   total 349568K, used 349567K [0x10ca0000, 0x26200000, 0x26200000)
   the space 349568K,  99% used [0x10ca0000, 0x261ffff8, 0x26200000, 0x26200000)
 Metaspace       used 22292K, capacity 22864K, committed 22912K, reserved 22912K
Event: 93674.731 GC heap after
Heap after GC invocations=702 (full 519):
 def new generation   total 157248K, used 157248K [0x06200000, 0x10ca0000, 0x10ca0000)
  eden space 139776K, 100% used [0x06200000, 0x0ea80000, 0x0ea80000)
  from space 17472K, 100% used [0x0ea80000, 0x0fb90000, 0x0fb90000)
  to   space 17472K,   0% used [0x0fb90000, 0x0fb90000, 0x10ca0000)
 tenured generation   total 349568K, used 349567K [0x10ca0000, 0x26200000, 0x26200000)
   the space 349568K,  99% used [0x10ca0000, 0x261ffff8, 0x26200000, 0x26200000)
 Metaspace       used 22292K, capacity 22864K, committed 22912K, reserved 22912K
}
Event: 93674.731 GC heap before
{Heap before GC invocations=702 (full 519):
 def new generation   total 157248K, used 157248K [0x06200000, 0x10ca0000, 0x10ca0000)
  eden space 139776K, 100% used [0x06200000, 0x0ea80000, 0x0ea80000)
  from space 17472K, 100% used [0x0ea80000, 0x0fb90000, 0x0fb90000)
  to   space 17472K,   0% used [0x0fb90000, 0x0fb90000, 0x10ca0000)
 tenured generation   total 349568K, used 349567K [0x10ca0000, 0x26200000, 0x26200000)
   the space 349568K,  99% used [0x10ca0000, 0x261ffff8, 0x26200000, 0x26200000)
 Metaspace       used 22292K, capacity 22864K, committed 22912K, reserved 22912K
Event: 93674.863 GC heap after
Heap after GC invocations=703 (full 520):
 def new generation   total 157248K, used 157248K [0x06200000, 0x10ca0000, 0x10ca0000)
  eden space 139776K, 100% used [0x06200000, 0x0ea80000, 0x0ea80000)
  from space 17472K, 100% used [0x0ea80000, 0x0fb90000, 0x0fb90000)
  to   space 17472K,   0% used [0x0fb90000, 0x0fb90000, 0x10ca0000)
 tenured generation   total 349568K, used 349567K [0x10ca0000, 0x26200000, 0x26200000)
   the space 349568K,  99% used [0x10ca0000, 0x261ffff8, 0x26200000, 0x26200000)
 Metaspace       used 22292K, capacity 22864K, committed 22912K, reserved 22912K
}
Event: 93674.863 GC heap before
{Heap before GC invocations=703 (full 520):
 def new generation   total 157248K, used 157248K [0x06200000, 0x10ca0000, 0x10ca0000)
  eden space 139776K, 100% used [0x06200000, 0x0ea80000, 0x0ea80000)
  from space 17472K, 100% used [0x0ea80000, 0x0fb90000, 0x0fb90000)
  to   space 17472K,   0% used [0x0fb90000, 0x0fb90000, 0x10ca0000)
 tenured generation   total 349568K, used 349567K [0x10ca0000, 0x26200000, 0x26200000)
   the space 349568K,  99% used [0x10ca0000, 0x261ffff8, 0x26200000, 0x26200000)
 Metaspace       used 22292K, capacity 22864K, committed 22912K, reserved 22912K
Event: 93674.998 GC heap after
Heap after GC invocations=704 (full 521):
 def new generation   total 157248K, used 157248K [0x06200000, 0x10ca0000, 0x10ca0000)
  eden space 139776K, 100% used [0x06200000, 0x0ea80000, 0x0ea80000)
  from space 17472K, 100% used [0x0ea80000, 0x0fb90000, 0x0fb90000)
  to   space 17472K,   0% used [0x0fb90000, 0x0fb90000, 0x10ca0000)
 tenured generation   total 349568K, used 349567K [0x10ca0000, 0x26200000, 0x26200000)
   the space 349568K,  99% used [0x10ca0000, 0x261ffff8, 0x26200000, 0x26200000)
 Metaspace       used 22292K, capacity 22864K, committed 22912K, reserved 22912K
}
Event: 93674.998 GC heap before
{Heap before GC invocations=704 (full 521):
 def new generation   total 157248K, used 157248K [0x06200000, 0x10ca0000, 0x10ca0000)
  eden space 139776K, 100% used [0x06200000, 0x0ea80000, 0x0ea80000)
  from space 17472K, 100% used [0x0ea80000, 0x0fb90000, 0x0fb90000)
  to   space 17472K,   0% used [0x0fb90000, 0x0fb90000, 0x10ca0000)
 tenured generation   total 349568K, used 349567K [0x10ca0000, 0x26200000, 0x26200000)
   the space 349568K,  99% used [0x10ca0000, 0x261ffff8, 0x26200000, 0x26200000)
 Metaspace       used 22292K, capacity 22864K, committed 22912K, reserved 22912K
Event: 93675.129 GC heap after
Heap after GC invocations=705 (full 522):
 def new generation   total 157248K, used 157248K [0x06200000, 0x10ca0000, 0x10ca0000)
  eden space 139776K, 100% used [0x06200000, 0x0ea80000, 0x0ea80000)
  from space 17472K, 100% used [0x0ea80000, 0x0fb90000, 0x0fb90000)
  to   space 17472K,   0% used [0x0fb90000, 0x0fb90000, 0x10ca0000)
 tenured generation   total 349568K, used 349567K [0x10ca0000, 0x26200000, 0x26200000)
   the space 349568K,  99% used [0x10ca0000, 0x261ffff8, 0x26200000, 0x26200000)
 Metaspace       used 22292K, capacity 22864K, committed 22912K, reserved 22912K
}
Event: 93675.130 GC heap before
{Heap before GC invocations=705 (full 522):
 def new generation   total 157248K, used 157248K [0x06200000, 0x10ca0000, 0x10ca0000)
  eden space 139776K, 100% used [0x06200000, 0x0ea80000, 0x0ea80000)
  from space 17472K, 100% used [0x0ea80000, 0x0fb90000, 0x0fb90000)
  to   space 17472K,   0% used [0x0fb90000, 0x0fb90000, 0x10ca0000)
 tenured generation   total 349568K, used 349567K [0x10ca0000, 0x26200000, 0x26200000)
   the space 349568K,  99% used [0x10ca0000, 0x261ffff8, 0x26200000, 0x26200000)
 Metaspace       used 22292K, capacity 22864K, committed 22912K, reserved 22912K
Event: 93675.256 GC heap after
Heap after GC invocations=706 (full 523):
 def new generation   total 157248K, used 157239K [0x06200000, 0x10ca0000, 0x10ca0000)
  eden space 139776K,  99% used [0x06200000, 0x0ea7f318, 0x0ea80000)
  from space 17472K,  99% used [0x0ea80000, 0x0fb8e988, 0x0fb90000)
  to   space 17472K,   0% used [0x0fb90000, 0x0fb90000, 0x10ca0000)
 tenured generation   total 349568K, used 349567K [0x10ca0000, 0x26200000, 0x26200000)
   the space 349568K,  99% used [0x10ca0000, 0x261ffff8, 0x26200000, 0x26200000)
 Metaspace       used 22292K, capacity 22864K, committed 22912K, reserved 22912K
}

